<?xml version="1.0" encoding="UTF-8"?>
<testsuite name="ohtuesimerkki.StatisticsTest" tests="3" skipped="0" failures="0" errors="0" timestamp="2020-11-02T05:55:24" hostname="DESKTOP-V1FMF6Q" time="1.533">
  <properties/>
  <testcase name="topscore" classname="ohtuesimerkki.StatisticsTest" time="1.183"/>
  <testcase name="search1" classname="ohtuesimerkki.StatisticsTest" time="0.181"/>
  <testcase name="search2" classname="ohtuesimerkki.StatisticsTest" time="0.168"/>
  <system-out><![CDATA[]]></system-out>
  <system-err><![CDATA[]]></system-err>
</testsuite>
