<?xml version="1.0" encoding="UTF-8"?>
<testsuite name="A new user account can be created if a proper unused username and password are given" tests="6" skipped="0" failures="2" errors="0" timestamp="2020-11-16T04:05:07" hostname="lx8-fuxi188" time="0.653">
  <properties/>
  <testcase name="creation is successful with valid username and password" classname="A new user account can be created if a proper unused username and password are given" time="0.164"/>
  <testcase name="creation fails with too short username and valid password" classname="A new user account can be created if a proper unused username and password are given" time="0.124"/>
  <testcase name="creation fails with correct username and too short password" classname="A new user account can be created if a proper unused username and password are given" time="0.147"/>
  <testcase name="creation fails when password and password confirmation do not match" classname="A new user account can be created if a proper unused username and password are given" time="0.123"/>
  <testcase name="user can login with successfully generated account" classname="A new user account can be created if a proper unused username and password are given" time="0.074">
    <failure message="io.cucumber.junit.UndefinedStepException: The step &quot;user with username &quot;lea&quot; with password &quot;salainen1&quot; is successfully created&quot; is undefined. You can implement it using the snippet(s) below:&#10;&#10;@Given(&quot;user with username {string} with password {string} is successfully created&quot;)&#10;public void userWithUsernameWithPasswordIsSuccessfullyCreated(String string, String string2) {&#10;    // Write code here that turns the phrase above into concrete actions&#10;    throw new io.cucumber.java.PendingException();&#10;}&#10;&#10;&#10;Some other steps were also undefined:&#10;&#10;@When(&quot;...&quot;)&#10;public void () {&#10;    // Write code here that turns the phrase above into concrete actions&#10;    throw new io.cucumber.java.PendingException();&#10;}&#10;@Then(&quot;...&quot;)&#10;public void () {&#10;    // Write code here that turns the phrase above into concrete actions&#10;    throw new io.cucumber.java.PendingException();&#10;}&#10;" type="io.cucumber.junit.UndefinedStepException">io.cucumber.junit.UndefinedStepException: The step &quot;user with username &quot;lea&quot; with password &quot;salainen1&quot; is successfully created&quot; is undefined. You can implement it using the snippet(s) below:

@Given(&quot;user with username {string} with password {string} is successfully created&quot;)
public void userWithUsernameWithPasswordIsSuccessfullyCreated(String string, String string2) {
    // Write code here that turns the phrase above into concrete actions
    throw new io.cucumber.java.PendingException();
}


Some other steps were also undefined:

@When(&quot;...&quot;)
public void () {
    // Write code here that turns the phrase above into concrete actions
    throw new io.cucumber.java.PendingException();
}
@Then(&quot;...&quot;)
public void () {
    // Write code here that turns the phrase above into concrete actions
    throw new io.cucumber.java.PendingException();
}

</failure>
  </testcase>
  <testcase name="user can not login with account that is not successfully created" classname="A new user account can be created if a proper unused username and password are given" time="0.02">
    <failure message="io.cucumber.junit.UndefinedStepException: The step &quot;user with username &quot;aa&quot; and password &quot;bad&quot; is tried to be created&quot; is undefined. You can implement it using the snippet(s) below:&#10;&#10;@Given(&quot;user with username {string} and password {string} is tried to be created&quot;)&#10;public void userWithUsernameAndPasswordIsTriedToBeCreated(String string, String string2) {&#10;    // Write code here that turns the phrase above into concrete actions&#10;    throw new io.cucumber.java.PendingException();&#10;}&#10;&#10;&#10;Some other steps were also undefined:&#10;&#10;@When(&quot;...&quot;)&#10;public void () {&#10;    // Write code here that turns the phrase above into concrete actions&#10;    throw new io.cucumber.java.PendingException();&#10;}&#10;@Then(&quot;...&quot;)&#10;public void () {&#10;    // Write code here that turns the phrase above into concrete actions&#10;    throw new io.cucumber.java.PendingException();&#10;}&#10;" type="io.cucumber.junit.UndefinedStepException">io.cucumber.junit.UndefinedStepException: The step &quot;user with username &quot;aa&quot; and password &quot;bad&quot; is tried to be created&quot; is undefined. You can implement it using the snippet(s) below:

@Given(&quot;user with username {string} and password {string} is tried to be created&quot;)
public void userWithUsernameAndPasswordIsTriedToBeCreated(String string, String string2) {
    // Write code here that turns the phrase above into concrete actions
    throw new io.cucumber.java.PendingException();
}


Some other steps were also undefined:

@When(&quot;...&quot;)
public void () {
    // Write code here that turns the phrase above into concrete actions
    throw new io.cucumber.java.PendingException();
}
@Then(&quot;...&quot;)
public void () {
    // Write code here that turns the phrase above into concrete actions
    throw new io.cucumber.java.PendingException();
}

</failure>
  </testcase>
  <system-out><![CDATA[
Scenario: creation is successful with valid username and password                                       ?[90m# src/test/resources/ohtu/new_user.feature:3?[0m
  ?[32mGiven ?[0m?[32mcommand new user is selected?[0m                                                                    ?[90m# ohtu.Stepdefs.newUserIsSelected()?[0m
  ?[32mWhen ?[0m?[32ma valid username ?[0m?[32m?[1m"liisa"?[0m?[32m and password ?[0m?[32m?[1m"salainen1"?[0m?[32m and matching password confirmation are entered?[0m ?[90m# ohtu.Stepdefs.validUNandPW(java.lang.String,java.lang.String)?[0m
  ?[32mThen ?[0m?[32ma new user is created?[0m                                                                            ?[90m# ohtu.Stepdefs.newUserCreated()?[0m

Scenario: creation fails with too short username and valid password                                    ?[90m# src/test/resources/ohtu/new_user.feature:8?[0m
  ?[32mGiven ?[0m?[32mcommand new user is selected?[0m                                                                   ?[90m# ohtu.Stepdefs.newUserIsSelected()?[0m
  ?[32mWhen ?[0m?[32man invalid username ?[0m?[32m?[1m"l"?[0m?[32m and password ?[0m?[32m?[1m"salainen1"?[0m?[32m and matching password confirmation are entered?[0m ?[90m# ohtu.Stepdefs.invalidUNandPW(java.lang.String,java.lang.String)?[0m
  ?[32mThen ?[0m?[32muser is not created and error "username should have at least 3 characters" is reported?[0m          ?[90m# ohtu.Stepdefs.usernameTooShort()?[0m

Scenario: creation fails with correct username and too short password                                      ?[90m# src/test/resources/ohtu/new_user.feature:13?[0m
  ?[32mGiven ?[0m?[32mcommand new user is selected?[0m                                                                       ?[90m# ohtu.Stepdefs.newUserIsSelected()?[0m
  ?[32mWhen ?[0m?[32ma valid username ?[0m?[32m?[1m"liisa"?[0m?[32m and an invalid password ?[0m?[32m?[1m"s"?[0m?[32m and matching password confirmation are entered?[0m ?[90m# ohtu.Stepdefs.invalidPW(java.lang.String,java.lang.String)?[0m
  ?[32mThen ?[0m?[32muser is not created and error "password should have at least 8 characters" is reported?[0m              ?[90m# ohtu.Stepdefs.passwordTooShort()?[0m

Scenario: creation fails when password and password confirmation do not match                                   ?[90m# src/test/resources/ohtu/new_user.feature:18?[0m
  ?[32mGiven ?[0m?[32mcommand new user is selected?[0m                                                                            ?[90m# ohtu.Stepdefs.newUserIsSelected()?[0m
  ?[32mWhen ?[0m?[32ma valid username ?[0m?[32m?[1m"liisa"?[0m?[32m and password ?[0m?[32m?[1m"salainen1"?[0m?[32m and nonmatching password confirmation ?[0m?[32m?[1m"aa"?[0m?[32m are entered?[0m ?[90m# ohtu.Stepdefs.aValidUsernameAndPasswordAndPasswordConfirmationAreEntered(java.lang.String,java.lang.String,java.lang.String)?[0m
  ?[32mThen ?[0m?[32muser is not created and error "password and password confirmation do not match" is reported?[0m              ?[90m# ohtu.Stepdefs.passwordNoMatch()?[0m

Scenario: user can login with successfully generated account                       ?[90m# src/test/resources/ohtu/new_user.feature:23?[0m
  ?[33mGiven ?[0m?[33muser with username "lea" with password "salainen1" is successfully created?[0m ?[90m# null?[0m
  ?[36mAnd ?[0m?[36mlogin is selected?[0m                                                            ?[90m# ohtu.Stepdefs.loginIsSelected()?[0m
  ?[36mWhen ?[0m?[36m...?[0m                                                                         ?[90m# null?[0m
  ?[36mThen ?[0m?[36m...?[0m                                                                         ?[90m# null?[0m

Scenario: user can not login with account that is not successfully created ?[90m# src/test/resources/ohtu/new_user.feature:29?[0m
  ?[33mGiven ?[0m?[33muser with username "aa" and password "bad" is tried to be created?[0m  ?[90m# null?[0m
  ?[36mAnd ?[0m?[36mlogin is selected?[0m                                                    ?[90m# ohtu.Stepdefs.loginIsSelected()?[0m
  ?[36mWhen ?[0m?[36m...?[0m                                                                 ?[90m# null?[0m
  ?[36mThen ?[0m?[36m...?[0m                                                                 ?[90m# null?[0m
]]></system-out>
  <system-err><![CDATA[]]></system-err>
</testsuite>
