<?xml version="1.0" encoding="UTF-8"?>
<testsuite name="ohtu.verkkokauppa.KauppaTest" tests="8" skipped="0" failures="0" errors="0" timestamp="2020-11-23T02:08:21" hostname="DESKTOP-V1FMF6Q" time="0.418">
  <properties/>
  <testcase name="aloitetaanAsiointiNollaa" classname="ohtu.verkkokauppa.KauppaTest" time="0.409"/>
  <testcase name="yksiTuoteLoppu" classname="ohtu.verkkokauppa.KauppaTest" time="0.002"/>
  <testcase name="kaksiEriTuotetta" classname="ohtu.verkkokauppa.KauppaTest" time="0.001"/>
  <testcase name="ostoksenPaaytyttyaPankinMetodiaTilisiirtoKutsutaan" classname="ohtu.verkkokauppa.KauppaTest" time="0.002"/>
  <testcase name="poistoKorista" classname="ohtu.verkkokauppa.KauppaTest" time="0.001"/>
  <testcase name="ostoksenPaaytyttyaPankinMetodiaTilisiirtoKutsutaanOikeillaArvoilla" classname="ohtu.verkkokauppa.KauppaTest" time="0.001"/>
  <testcase name="viiteNumeroKaikille" classname="ohtu.verkkokauppa.KauppaTest" time="0.001"/>
  <testcase name="kaksiSamaaTuotetta" classname="ohtu.verkkokauppa.KauppaTest" time="0.001"/>
  <system-out><![CDATA[]]></system-out>
  <system-err><![CDATA[]]></system-err>
</testsuite>
